Build started 2014-04-06 6:48:01 PM.
     1>Project "C:\Users\Shenlong Wang\Documents\GitHub\csc2504\a3\raytracerW32\raytracer.vcxproj" on node 2 (Build target(s)).
     1>ClCompile:
         C:\Program Files (x86)\Microsoft Visual Studio 12.0\VC\bin\CL.exe /c /ZI /nologo /W3 /WX- /Od /Oy- /D WIN32 /D _DEBUG /D _CONSOLE /D _MBCS /Gm- /EHsc /RTC1 /MTd /GS /fp:precise /Zc:wchar_t /Zc:forScope /Fo".\Debug/" /Fd".\Debug/vc120.pdb" /Gd /TP /analyze- /errorReport:prompt bmp_io.cpp light_source.cpp raytracer.cpp scene_object.cpp util.cpp
         bmp_io.cpp
     1>c:\users\shenlong wang\documents\github\csc2504\a3\raytracerw32\bmp_io.cpp(152): warning C4018: '<' : signed/unsigned mismatch
     1>c:\users\shenlong wang\documents\github\csc2504\a3\raytracerw32\bmp_io.cpp(267): warning C4018: '<' : signed/unsigned mismatch
     1>c:\users\shenlong wang\documents\github\csc2504\a3\raytracerw32\bmp_io.cpp(362): warning C4018: '<' : signed/unsigned mismatch
     1>c:\users\shenlong wang\documents\github\csc2504\a3\raytracerw32\bmp_io.cpp(512): warning C4018: '<' : signed/unsigned mismatch
     1>c:\users\shenlong wang\documents\github\csc2504\a3\raytracerw32\bmp_io.cpp(1236): warning C4018: '<' : signed/unsigned mismatch
     1>c:\users\shenlong wang\documents\github\csc2504\a3\raytracerw32\bmp_io.cpp(1319): warning C4018: '<' : signed/unsigned mismatch
     1>c:\users\shenlong wang\documents\github\csc2504\a3\raytracerw32\bmp_io.cpp(1443): warning C4018: '<' : signed/unsigned mismatch
     1>c:\users\shenlong wang\documents\github\csc2504\a3\raytracerw32\bmp_io.cpp(2185): warning C4018: '<' : signed/unsigned mismatch
     1>c:\users\shenlong wang\documents\github\csc2504\a3\raytracerw32\bmp_io.cpp(2446): warning C4018: '<' : signed/unsigned mismatch
         light_source.cpp
         raytracer.cpp
         scene_object.cpp
         util.cpp
         Generating Code...
       Link:
         C:\Program Files (x86)\Microsoft Visual Studio 12.0\VC\bin\link.exe /ERRORREPORT:PROMPT /OUT:".\Debug/raytracer.exe" /INCREMENTAL:NO /NOLOGO kernel32.lib user32.lib gdi32.lib winspool.lib comdlg32.lib advapi32.lib shell32.lib ole32.lib oleaut32.lib uuid.lib odbc32.lib odbccp32.lib /MANIFEST /MANIFESTUAC:"level='asInvoker' uiAccess='false'" /manifest:embed /DEBUG /PDB:".\Debug/raytracer.pdb" /SUBSYSTEM:CONSOLE /TLBID:1 /DYNAMICBASE /NXCOMPAT /IMPLIB:".\Debug\raytracer.lib" /MACHINE:X86 /SAFESEH .\Debug/bmp_io.obj
         .\Debug/light_source.obj
         .\Debug/raytracer.obj
         .\Debug/scene_object.obj
         .\Debug/util.obj
     1>bmp_io.obj : warning LNK4075: ignoring '/EDITANDCONTINUE' due to '/OPT:LBR' specification
         raytracer.vcxproj -> C:\Users\Shenlong Wang\Documents\GitHub\csc2504\a3\raytracerW32\.\Debug\raytracer.exe
     1>Done Building Project "C:\Users\Shenlong Wang\Documents\GitHub\csc2504\a3\raytracerW32\raytracer.vcxproj" (Build target(s)).

Build succeeded.

Time Elapsed 00:00:04.79
